<?xml version="1.0" encoding="UTF-8"?>
<testng-results ignored="0" total="1" passed="1" failed="0" skipped="0">
  <reporter-output>
  </reporter-output>
  <suite started-at="2024-06-12T12:19:47 IST" name="Suite" finished-at="2024-06-12T12:19:47 IST" duration-ms="100">
    <groups>
    </groups>
    <test started-at="2024-06-12T12:19:47 IST" name="Test" finished-at="2024-06-12T12:19:47 IST" duration-ms="100">
      <class name="com.trello.admin.Test1">
        <test-method signature="test1Method()[pri:0, instance:com.trello.admin.Test1@41e1e210]" started-at="2024-06-12T12:19:47 IST" name="test1Method" finished-at="2024-06-12T12:19:47 IST" duration-ms="14" status="PASS">
          <reporter-output>
          </reporter-output>
        </test-method> <!-- test1Method -->
      </class> <!-- com.trello.admin.Test1 -->
    </test> <!-- Test -->
  </suite> <!-- Suite -->
</testng-results>
