<?xml version="1.0" encoding="UTF-8"?>
<!-- Generated by org.testng.reporters.JUnitXMLReporter -->
<testsuite ignored="8" hostname="Aishwarya" failures="0" tests="1" name="Default test" time="9.395" errors="0" timestamp="2024-06-14T18:25:58 IST">
  <testcase classname="com.trello.admin.AssertionsDemo" name="listName" time="9.305"/>
  <testcase classname="com.trello.admin.AssertionsDemo" name="listSorted" time="0.0">
    <ignored/>
  </testcase> <!-- listSorted -->
  <testcase classname="com.trello.admin.AssertionsDemo" name="displayed" time="0.0">
    <ignored/>
  </testcase> <!-- displayed -->
  <testcase classname="com.trello.admin.AssertionsDemo" name="button" time="0.0">
    <ignored/>
  </testcase> <!-- button -->
  <testcase classname="com.trello.admin.AssertionsDemo" name="listNumber" time="0.0">
    <ignored/>
  </testcase> <!-- listNumber -->
  <testcase classname="com.trello.admin.AssertionsDemo" name="validateElement" time="0.0">
    <ignored/>
  </testcase> <!-- validateElement -->
  <testcase classname="com.trello.admin.AssertionsDemo" name="title" time="0.0">
    <ignored/>
  </testcase> <!-- title -->
  <testcase classname="com.trello.admin.AssertionsDemo" name="url" time="0.0">
    <ignored/>
  </testcase> <!-- url -->
  <testcase classname="com.trello.admin.AssertionsDemo" name="enabled" time="0.0">
    <ignored/>
  </testcase> <!-- enabled -->
</testsuite> <!-- Default test -->
