<?xml version="1.0" encoding="UTF-8"?>
<!-- Generated by org.testng.reporters.JUnitXMLReporter -->
<testsuite ignored="0" hostname="Aishwarya" failures="0" tests="4" name="Test" time="0.188" errors="0" timestamp="2024-06-13T10:47:12 IST">
  <testcase classname="com.trello.admin.Test1" name="test1Method" time="0.018"/>
  <testcase classname="com.trello.admin.Test1" name="test2Method" time="0.015"/>
  <testcase classname="com.trello.admin.Test2" name="test3Method" time="0.005"/>
  <testcase classname="com.trello.admin.Test2" name="test4Method" time="0.005"/>
</testsuite> <!-- Test -->
